<?xml version="1.0" encoding="UTF-8"?>
<!-- Generated by org.testng.reporters.JUnitXMLReporter -->
<testsuite ignored="0" hostname="Emilianos-Mac-mini.local" failures="0" tests="4" name="Test" time="53.835" errors="0" timestamp="2020-05-19T18:11:19 UYT">
  <testcase classname="Academy.ValidateNavigationBar" name="basePageNavigation" time="0.138"/>
  <testcase classname="Academy.ValidateTitle" name="basePageNavigation" time="0.05"/>
  <testcase classname="Academy.HomePage" name="basePageNavigation" time="19.95"/>
  <testcase classname="Academy.HomePage" name="basePageNavigation" time="8.474"/>
</testsuite> <!-- Test -->
