<?xml version="1.0" encoding="UTF-8"?>
<!-- Generated by org.testng.reporters.JUnitXMLReporter -->
<testsuite ignored="0" hostname="Emilianos-Mac-mini.local" failures="1" tests="1" name="Validating Title" time="5.49" errors="0" timestamp="2020-05-20T17:14:42 UYT">
  <testcase classname="Academy.ValidateTitle" name="basePageNavigation" time="0.041">
    <failure type="java.lang.AssertionError" message="expected:&amp;lt;FEATURED COURSES&amp;gt; but was:&amp;lt;FEATURED COUsssRSES&amp;gt;">
      <![CDATA[java.lang.AssertionError: expected:<FEATURED COURSES> but was:<FEATURED COUsssRSES>
at Academy.ValidateTitle.basePageNavigation(ValidateTitle.java:43)
at java.base/java.util.ArrayList.forEach(ArrayList.java:1507)
... Removed 29 stack frames]]>
    </failure>
  </testcase> <!-- basePageNavigation -->
</testsuite> <!-- Validating Title -->
