<?xml version="1.0" encoding="UTF-8"?>
<!-- Generated by org.testng.reporters.JUnitXMLReporter -->
<testsuite ignored="0" hostname="Emilianos-Mac-mini.local" failures="0" tests="4" name="Test" time="48.046" errors="0" timestamp="2020-05-19T18:06:27 UYT">
  <testcase classname="Academy.ValidateNavigationBar" name="basePageNavigation" time="0.073"/>
  <testcase classname="Academy.ValidateTitle" name="basePageNavigation" time="0.034"/>
  <testcase classname="Academy.HomePage" name="basePageNavigation" time="17.043"/>
  <testcase classname="Academy.HomePage" name="basePageNavigation" time="8.52"/>
</testsuite> <!-- Test -->
