<?xml version="1.0" encoding="UTF-8"?>
<testsuite xmlns:xsi="http://www.w3.org/2001/XMLSchema-instance" xsi:noNamespaceSchemaLocation="https://maven.apache.org/surefire/maven-surefire-plugin/xsd/surefire-test-report-3.0.xsd" version="3.0" name="TestSuite" time="49.014" tests="4" errors="0" skipped="0" failures="0">
  <properties>
[...]
</properties>
  <testcase name="basePageNavigation" classname="Academy.ValidateNavigationBar" time="0.077"/>
  <testcase name="basePageNavigation" classname="Academy.ValidateTitle" time="0.034"/>
  <testcase name="basePageNavigation" classname="Academy.HomePage" time="17.048"/>
  <testcase name="basePageNavigation" classname="Academy.HomePage" time="8.517"/>
</testsuite>