<?xml version="1.0" encoding="UTF-8"?>
<testng-results ignored="0" total="4" passed="4" failed="0" skipped="0">
  <reporter-output>
  </reporter-output>
  <suite started-at="2020-05-19T18:05:38 UYT" name="Suite" finished-at="2020-05-19T18:06:26 UYT" duration-ms="48046">
    <groups>
    </groups>
    <test started-at="2020-05-19T18:05:38 UYT" name="Test" finished-at="2020-05-19T18:06:26 UYT" duration-ms="48046">
      <class name="Academy.ValidateTitle">
        <test-method is-config="true" signature="initialize()[pri:0, instance:Academy.ValidateTitle@13526e59]" started-at="2020-05-19T18:05:52 UYT" name="initialize" finished-at="2020-05-19T18:06:00 UYT" duration-ms="8916" status="PASS">
          <reporter-output>
          </reporter-output>
        </test-method> <!-- initialize -->
        <test-method signature="basePageNavigation()[pri:0, instance:Academy.ValidateTitle@13526e59]" started-at="2020-05-19T18:06:01 UYT" name="basePageNavigation" finished-at="2020-05-19T18:06:01 UYT" duration-ms="34" status="PASS">
          <reporter-output>
          </reporter-output>
        </test-method> <!-- basePageNavigation -->
      </class> <!-- Academy.ValidateTitle -->
      <class name="Academy.HomePage">
        <test-method is-config="true" signature="initialize()[pri:0, instance:Academy.HomePage@2235eaab]" started-at="2020-05-19T18:05:38 UYT" name="initialize" finished-at="2020-05-19T18:05:40 UYT" duration-ms="1887" status="PASS">
          <reporter-output>
          </reporter-output>
        </test-method> <!-- initialize -->
        <test-method signature="basePageNavigation(java.lang.String, java.lang.String, java.lang.String)[pri:0, instance:Academy.HomePage@2235eaab]" started-at="2020-05-19T18:06:01 UYT" name="basePageNavigation" data-provider="getData" finished-at="2020-05-19T18:06:18 UYT" duration-ms="17043" status="PASS">
          <params>
            <param index="0">
              <value>
                <![CDATA[nonrestrictereduser@qw.com]]>
              </value>
            </param>
            <param index="1">
              <value>
                <![CDATA[123456]]>
              </value>
            </param>
            <param index="2">
              <value>
                <![CDATA[Restricted User]]>
              </value>
            </param>
          </params>
          <reporter-output>
          </reporter-output>
        </test-method> <!-- basePageNavigation -->
        <test-method signature="basePageNavigation(java.lang.String, java.lang.String, java.lang.String)[pri:0, instance:Academy.HomePage@2235eaab]" started-at="2020-05-19T18:06:18 UYT" name="basePageNavigation" data-provider="getData" finished-at="2020-05-19T18:06:26 UYT" duration-ms="8520" status="PASS">
          <params>
            <param index="0">
              <value>
                <![CDATA[restricteduser@qw.com]]>
              </value>
            </param>
            <param index="1">
              <value>
                <![CDATA[4567888]]>
              </value>
            </param>
            <param index="2">
              <value>
                <![CDATA[Non restrictered user]]>
              </value>
            </param>
          </params>
          <reporter-output>
          </reporter-output>
        </test-method> <!-- basePageNavigation -->
        <test-method is-config="true" signature="teardown()[pri:0, instance:Academy.HomePage@2235eaab]" started-at="2020-05-19T18:06:26 UYT" name="teardown" finished-at="2020-05-19T18:06:26 UYT" duration-ms="131" status="PASS">
          <reporter-output>
          </reporter-output>
        </test-method> <!-- teardown -->
      </class> <!-- Academy.HomePage -->
      <class name="Academy.ValidateNavigationBar">
        <test-method is-config="true" signature="initialize()[pri:0, instance:Academy.ValidateNavigationBar@503f91c3]" started-at="2020-05-19T18:05:40 UYT" name="initialize" finished-at="2020-05-19T18:05:52 UYT" duration-ms="11229" status="PASS">
          <reporter-output>
          </reporter-output>
        </test-method> <!-- initialize -->
        <test-method signature="basePageNavigation()[pri:0, instance:Academy.ValidateNavigationBar@503f91c3]" started-at="2020-05-19T18:06:01 UYT" name="basePageNavigation" finished-at="2020-05-19T18:06:01 UYT" duration-ms="73" status="PASS">
          <reporter-output>
          </reporter-output>
        </test-method> <!-- basePageNavigation -->
        <test-method is-config="true" signature="teardown()[pri:0, instance:Academy.ValidateNavigationBar@503f91c3]" started-at="2020-05-19T18:06:26 UYT" name="teardown" finished-at="2020-05-19T18:06:26 UYT" duration-ms="124" status="PASS">
          <reporter-output>
          </reporter-output>
        </test-method> <!-- teardown -->
      </class> <!-- Academy.ValidateNavigationBar -->
    </test> <!-- Test -->
  </suite> <!-- Suite -->
</testng-results>
